<?xml version="1.0" encoding="UTF-8"?>
<testng-results ignored="0" total="1" passed="1" failed="0" skipped="0">
  <reporter-output>
  </reporter-output>
  <suite started-at="2025-07-28T21:06:50 IST" name="Default suite" finished-at="2025-07-28T21:07:00 IST" duration-ms="9209">
    <groups>
    </groups>
    <test started-at="2025-07-28T21:06:50 IST" name="Default test" finished-at="2025-07-28T21:07:00 IST" duration-ms="9209">
      <class name="demo.LoginTest">
        <test-method is-config="true" signature="setUp()[pri:0, instance:demo.LoginTest@7fa98a66]" started-at="2025-07-28T21:06:50 IST" name="setUp" finished-at="2025-07-28T21:06:51 IST" duration-ms="1044" status="PASS">
          <reporter-output>
          </reporter-output>
        </test-method> <!-- setUp -->
        <test-method signature="testLogin()[pri:0, instance:demo.LoginTest@7fa98a66]" started-at="2025-07-28T21:06:51 IST" name="testLogin" finished-at="2025-07-28T21:06:59 IST" duration-ms="7937" status="PASS">
          <reporter-output>
          </reporter-output>
        </test-method> <!-- testLogin -->
        <test-method is-config="true" signature="tearDown()[pri:0, instance:demo.LoginTest@7fa98a66]" started-at="2025-07-28T21:06:59 IST" name="tearDown" finished-at="2025-07-28T21:07:00 IST" duration-ms="193" status="PASS">
          <reporter-output>
          </reporter-output>
        </test-method> <!-- tearDown -->
      </class> <!-- demo.LoginTest -->
    </test> <!-- Default test -->
  </suite> <!-- Default suite -->
</testng-results>
